


ARM Macro Assembler    Page 1 


    1 00000000 00000400 
                       Stack_Size
                               EQU              0x00000400
    2 00000000         
    3 00000000                 AREA             STACK, NOINIT, READWRITE, ALIGN
=3
    4 00000000         Stack_Mem
                               SPACE            Stack_Size
    5 00000400         __initial_sp
    6 00000400         
    7 00000400         
    8 00000400 00000400 
                       Heap_Size
                               EQU              0x00000400
    9 00000400         
   10 00000400                 AREA             HEAP, NOINIT, READWRITE, ALIGN=
3
   11 00000000         __heap_base
   12 00000000         Heap_Mem
                               SPACE            Heap_Size
   13 00000400         __heap_limit
   14 00000400         
   15 00000400         
   16 00000400         ; Vector Table Mapped to Address 0 at Reset
   17 00000400         
   18 00000400                 PRESERVE8
   19 00000400                 THUMB
   20 00000400         
   21 00000400                 AREA             RESET, DATA, READONLY
   22 00000000                 EXPORT           __Vectors
   23 00000000         
   24 00000000 00000000 
                       __Vectors
                               DCD              __initial_sp ; Top of Stack
   25 00000004 00000000        DCD              Reset_Handler ; Reset Handler
   26 00000008 00000000        DCD              0
   27 0000000C 00000000        DCD              0
   28 00000010 00000000        DCD              0
   29 00000014 00000000        DCD              0
   30 00000018 00000000        DCD              0
   31 0000001C 00000000        DCD              0
   32 00000020 00000000        DCD              0
   33 00000024 00000000        DCD              0
   34 00000028 00000000        DCD              0
   35 0000002C 00000000        DCD              0
   36 00000030 00000000        DCD              0
   37 00000034 00000000        DCD              0
   38 00000038 00000000        DCD              0
   39 0000003C 00000000        DCD              SysTick_Handler 
                                                            ; SysTick_Handler
   40 00000040         
   41 00000040         ; External Interrupts
   42 00000040         ;DCD     KEY_Handler   ; 9 IRQ9 Handler,Keyboard
   43 00000040 00000000        DCD              0           ; 0
   44 00000044 00000000        DCD              0           ; 1
   45 00000048 00000000        DCD              0           ; 2
   46 0000004C 00000000        DCD              0           ; 3
   47 00000050 00000000        DCD              UART0_Over_Handler ; 4 UART0 TX
                                                            /RX/OverRun 



ARM Macro Assembler    Page 2 


   48 00000054 00000000        DCD              UART0_TXRX_Handler ; 5 UART0 TX
                                                            /RX/OverRun    
   49 00000058 00000000        DCD              FIFO_Full_Handler ; 6 FIFO full
                                                             Handler     
   50 0000005C 00000000        DCD              FIFO_Half_Handler ; 7 FIFO half
                                                             full Handler
   51 00000060 00000000        DCD              KEY_IRQHandler ; 8 ASIO KEY Han
                                                            dler 
   52 00000064 00000000        DCD              KEY_Handler ; 9 IRQ9 Handler,Ke
                                                            yboard
   53 00000068         ;DCD     LCDINI_Handler  ; 10 LCD ini
   54 00000068 00000000        DCD              0           ; 11
   55 0000006C 00000000        DCD              0           ; 12
   56 00000070 00000000        DCD              0           ; 13
   57 00000074 00000000        DCD              0           ; 14
   58 00000078 00000000        DCD              0           ; 15
   59 0000007C         __Vectors_End
   60 0000007C         
   61 0000007C                 AREA             |.text|, CODE, READONLY
   62 00000000         
   63 00000000         ; Reset Handler
   64 00000000         Reset_Handler
                               PROC
   65 00000000                 EXPORT           Reset_Handler
   66 00000000         ;                ENTRY
   67 00000000         ;                B       .
   68 00000000                 IMPORT           __main
   69 00000000 4801            LDR              R0, =__main
   70 00000002 4700            BX               R0          ; Branch to __main
   71 00000004                 ENDP
   72 00000004         
   73 00000004         SysTick_Handler
                               PROC
   74 00000004                 EXPORT           SysTick_Handler            [WEA
K]
   75 00000004 E7FE            B                .
   76 00000006                 ENDP
   77 00000006         
   78 00000006         Default_Handler
                               PROC
   79 00000006         
   80 00000006                 EXPORT           UART0_Over_Handler  [WEAK]
   81 00000006                 EXPORT           UART0_TXRX_Handler  [WEAK]
   82 00000006                 EXPORT           FIFO_Full_Handler  [WEAK]
   83 00000006                 EXPORT           FIFO_Half_Handler  [WEAK]
   84 00000006                 EXPORT           KEY_IRQHandler   [WEAK]
   85 00000006                 EXPORT           KEY_Handler    [WEAK]
   86 00000006         ;EXPORT LCDINI_Handler    [WEAK]
   87 00000006         
   88 00000006         UART0_Over_Handler
   89 00000006         UART0_TXRX_Handler
   90 00000006         FIFO_Full_Handler
   91 00000006         FIFO_Half_Handler
   92 00000006         KEY_IRQHandler
   93 00000006         KEY_Handler
   94 00000006         ;LCDINI_Handler
   95 00000006 E7FE            B                .
   96 00000008         
   97 00000008                 ENDP



ARM Macro Assembler    Page 3 


   98 00000008         
   99 00000008                 ALIGN            4           ; Align to a word b
                                                            oundary
  100 00000008         
  101 00000008         
  102 00000008         ; User Initial Stack & Heap
  103 00000008         
  104 00000008                 IF               :DEF:__MICROLIB
  105 00000008         
  106 00000008                 EXPORT           __initial_sp
  107 00000008                 EXPORT           __heap_base
  108 00000008                 EXPORT           __heap_limit
  109 00000008         
  110 00000008                 ELSE
  125                          ENDIF
  126 00000008         
  127 00000008         
  128 00000008                 END
              00000000 
Command Line: --debug --xref --diag_suppress=9931 --cpu=Cortex-M3 --apcs=interw
ork --depend=.\objects\cnasic_soc.d -o.\objects\cnasic_soc.o -ID:\tools\keil_v5
.38\ARM\Packs\ARM\CMSIS\5.9.0\Device\ARM\ARMCM3\Include --predefine="__MICROLIB
 SETA 1" --predefine="__UVISION_VERSION SETA 538" --predefine="ARMCM3 SETA 1" -
-list=.\listings\cnasic_soc.lst ..\..\Programs\Chip\Startup\keil\cnasic_soc.s



ARM Macro Assembler    Page 1 Alphabetic symbol ordering
Relocatable symbols

STACK 00000000

Symbol: STACK
   Definitions
      At line 3 in file ..\..\Programs\Chip\Startup\keil\cnasic_soc.s
   Uses
      None
Comment: STACK unused
Stack_Mem 00000000

Symbol: Stack_Mem
   Definitions
      At line 4 in file ..\..\Programs\Chip\Startup\keil\cnasic_soc.s
   Uses
      None
Comment: Stack_Mem unused
__initial_sp 00000400

Symbol: __initial_sp
   Definitions
      At line 5 in file ..\..\Programs\Chip\Startup\keil\cnasic_soc.s
   Uses
      At line 24 in file ..\..\Programs\Chip\Startup\keil\cnasic_soc.s
      At line 106 in file ..\..\Programs\Chip\Startup\keil\cnasic_soc.s

3 symbols



ARM Macro Assembler    Page 1 Alphabetic symbol ordering
Relocatable symbols

HEAP 00000000

Symbol: HEAP
   Definitions
      At line 10 in file ..\..\Programs\Chip\Startup\keil\cnasic_soc.s
   Uses
      None
Comment: HEAP unused
Heap_Mem 00000000

Symbol: Heap_Mem
   Definitions
      At line 12 in file ..\..\Programs\Chip\Startup\keil\cnasic_soc.s
   Uses
      None
Comment: Heap_Mem unused
__heap_base 00000000

Symbol: __heap_base
   Definitions
      At line 11 in file ..\..\Programs\Chip\Startup\keil\cnasic_soc.s
   Uses
      At line 107 in file ..\..\Programs\Chip\Startup\keil\cnasic_soc.s
Comment: __heap_base used once
__heap_limit 00000400

Symbol: __heap_limit
   Definitions
      At line 13 in file ..\..\Programs\Chip\Startup\keil\cnasic_soc.s
   Uses
      At line 108 in file ..\..\Programs\Chip\Startup\keil\cnasic_soc.s
Comment: __heap_limit used once
4 symbols



ARM Macro Assembler    Page 1 Alphabetic symbol ordering
Relocatable symbols

RESET 00000000

Symbol: RESET
   Definitions
      At line 21 in file ..\..\Programs\Chip\Startup\keil\cnasic_soc.s
   Uses
      None
Comment: RESET unused
__Vectors 00000000

Symbol: __Vectors
   Definitions
      At line 24 in file ..\..\Programs\Chip\Startup\keil\cnasic_soc.s
   Uses
      At line 22 in file ..\..\Programs\Chip\Startup\keil\cnasic_soc.s
Comment: __Vectors used once
__Vectors_End 0000007C

Symbol: __Vectors_End
   Definitions
      At line 59 in file ..\..\Programs\Chip\Startup\keil\cnasic_soc.s
   Uses
      None
Comment: __Vectors_End unused
3 symbols



ARM Macro Assembler    Page 1 Alphabetic symbol ordering
Relocatable symbols

.text 00000000

Symbol: .text
   Definitions
      At line 61 in file ..\..\Programs\Chip\Startup\keil\cnasic_soc.s
   Uses
      None
Comment: .text unused
Default_Handler 00000006

Symbol: Default_Handler
   Definitions
      At line 78 in file ..\..\Programs\Chip\Startup\keil\cnasic_soc.s
   Uses
      None
Comment: Default_Handler unused
FIFO_Full_Handler 00000006

Symbol: FIFO_Full_Handler
   Definitions
      At line 90 in file ..\..\Programs\Chip\Startup\keil\cnasic_soc.s
   Uses
      At line 49 in file ..\..\Programs\Chip\Startup\keil\cnasic_soc.s
      At line 82 in file ..\..\Programs\Chip\Startup\keil\cnasic_soc.s

FIFO_Half_Handler 00000006

Symbol: FIFO_Half_Handler
   Definitions
      At line 91 in file ..\..\Programs\Chip\Startup\keil\cnasic_soc.s
   Uses
      At line 50 in file ..\..\Programs\Chip\Startup\keil\cnasic_soc.s
      At line 83 in file ..\..\Programs\Chip\Startup\keil\cnasic_soc.s

KEY_Handler 00000006

Symbol: KEY_Handler
   Definitions
      At line 93 in file ..\..\Programs\Chip\Startup\keil\cnasic_soc.s
   Uses
      At line 52 in file ..\..\Programs\Chip\Startup\keil\cnasic_soc.s
      At line 85 in file ..\..\Programs\Chip\Startup\keil\cnasic_soc.s

KEY_IRQHandler 00000006

Symbol: KEY_IRQHandler
   Definitions
      At line 92 in file ..\..\Programs\Chip\Startup\keil\cnasic_soc.s
   Uses
      At line 51 in file ..\..\Programs\Chip\Startup\keil\cnasic_soc.s
      At line 84 in file ..\..\Programs\Chip\Startup\keil\cnasic_soc.s

Reset_Handler 00000000

Symbol: Reset_Handler
   Definitions
      At line 64 in file ..\..\Programs\Chip\Startup\keil\cnasic_soc.s
   Uses
      At line 25 in file ..\..\Programs\Chip\Startup\keil\cnasic_soc.s



ARM Macro Assembler    Page 2 Alphabetic symbol ordering
Relocatable symbols

      At line 65 in file ..\..\Programs\Chip\Startup\keil\cnasic_soc.s

SysTick_Handler 00000004

Symbol: SysTick_Handler
   Definitions
      At line 73 in file ..\..\Programs\Chip\Startup\keil\cnasic_soc.s
   Uses
      At line 39 in file ..\..\Programs\Chip\Startup\keil\cnasic_soc.s
      At line 74 in file ..\..\Programs\Chip\Startup\keil\cnasic_soc.s

UART0_Over_Handler 00000006

Symbol: UART0_Over_Handler
   Definitions
      At line 88 in file ..\..\Programs\Chip\Startup\keil\cnasic_soc.s
   Uses
      At line 47 in file ..\..\Programs\Chip\Startup\keil\cnasic_soc.s
      At line 80 in file ..\..\Programs\Chip\Startup\keil\cnasic_soc.s

UART0_TXRX_Handler 00000006

Symbol: UART0_TXRX_Handler
   Definitions
      At line 89 in file ..\..\Programs\Chip\Startup\keil\cnasic_soc.s
   Uses
      At line 48 in file ..\..\Programs\Chip\Startup\keil\cnasic_soc.s
      At line 81 in file ..\..\Programs\Chip\Startup\keil\cnasic_soc.s

10 symbols



ARM Macro Assembler    Page 1 Alphabetic symbol ordering
Absolute symbols

Heap_Size 00000400

Symbol: Heap_Size
   Definitions
      At line 8 in file ..\..\Programs\Chip\Startup\keil\cnasic_soc.s
   Uses
      At line 12 in file ..\..\Programs\Chip\Startup\keil\cnasic_soc.s
Comment: Heap_Size used once
Stack_Size 00000400

Symbol: Stack_Size
   Definitions
      At line 1 in file ..\..\Programs\Chip\Startup\keil\cnasic_soc.s
   Uses
      At line 4 in file ..\..\Programs\Chip\Startup\keil\cnasic_soc.s
Comment: Stack_Size used once
2 symbols



ARM Macro Assembler    Page 1 Alphabetic symbol ordering
External symbols

__main 00000000

Symbol: __main
   Definitions
      At line 68 in file ..\..\Programs\Chip\Startup\keil\cnasic_soc.s
   Uses
      At line 69 in file ..\..\Programs\Chip\Startup\keil\cnasic_soc.s
Comment: __main used once
1 symbol
358 symbols in table
